<?xml version="1.0" encoding="UTF-8"?>
<testsuite name="TestApplication" tests="8" skipped="0" failures="0" errors="0" timestamp="2023-11-05T17:07:49" hostname="PHILLIPS-NOTEBO" time="0.537">
  <properties/>
  <testcase name="testGetMoney()" classname="TestApplication" time="0.017"/>
  <testcase name="getPanaltyTest()" classname="TestApplication" time="0.02"/>
  <testcase name="testIsOwnerWanted()" classname="TestApplication" time="0.014"/>
  <testcase name="testCheckLicensePlate()" classname="TestApplication" time="0.002"/>
  <testcase name="testLaunchMethodIsCalled()" classname="TestApplication" time="0.396"/>
  <testcase name="testGetDeposit()" classname="TestApplication" time="0.0"/>
  <testcase name="getCarOwner()" classname="TestApplication" time="0.081"/>
  <testcase name="camMesureSpeed()" classname="TestApplication" time="0.002"/>
  <system-out><![CDATA[]]></system-out>
  <system-err><![CDATA[]]></system-err>
</testsuite>
